tangem-devkit/build/intermediates/manifest_merge_blame_file/release/manifest-merger-blame-release-report.txt
1<?xml version="1.0" encoding="utf-8"?>
2<manifest xmlns:android="http://schemas.android.com/apk/res/android"
3    package="com.tangem.devkit"
4    android:versionCode="4"
5    android:versionName="1.2" >
6
7    <uses-sdk
8        android:minSdkVersion="21"
8-->src/main/AndroidManifest.xml
9        android:targetSdkVersion="29" />
9-->src/main/AndroidManifest.xml
10
11    <uses-feature
11-->src/main/AndroidManifest.xml:5:5-7:35
12        android:name="android.hardware.nfc"
12-->src/main/AndroidManifest.xml:6:9-44
13        android:required="true" />
13-->src/main/AndroidManifest.xml:7:9-32
14
15    <uses-permission android:name="android.permission.NFC" />
15-->src/main/AndroidManifest.xml:8:5-62
15-->src/main/AndroidManifest.xml:8:22-59
16    <uses-permission android:name="android.permission.INTERNET" />
16-->src/main/AndroidManifest.xml:9:5-67
16-->src/main/AndroidManifest.xml:9:22-64
17    <uses-permission android:name="android.permission.VIBRATE" />
17-->[:tangem-sdk] AndroidManifest.xml:12:5-66
17-->[:tangem-sdk] AndroidManifest.xml:12:22-63
18
19    <application
19-->src/main/AndroidManifest.xml:13:5-78:19
20        android:name="com.tangem.devkit.AppTangemDemo"
20-->src/main/AndroidManifest.xml:14:9-55
21        android:allowBackup="true"
21-->src/main/AndroidManifest.xml:15:9-35
22        android:appComponentFactory="androidx.core.app.CoreComponentFactory"
22-->[androidx.core:core:1.3.1] AndroidManifest.xml:24:18-86
23        android:icon="@mipmap/ic_launcher"
23-->src/main/AndroidManifest.xml:16:9-43
24        android:label="@string/app_name"
24-->src/main/AndroidManifest.xml:17:9-41
25        android:roundIcon="@mipmap/ic_launcher_round"
25-->src/main/AndroidManifest.xml:18:9-54
26        android:supportsRtl="true"
26-->src/main/AndroidManifest.xml:19:9-35
27        android:theme="@style/AppTheme" >
27-->src/main/AndroidManifest.xml:20:9-40
28        <activity android:name="com.tangem.devkit._main.MainActivity" >
28-->src/main/AndroidManifest.xml:22:9-51:20
28-->src/main/AndroidManifest.xml:22:19-70
29            <intent-filter>
29-->src/main/AndroidManifest.xml:23:13-26:29
30                <action android:name="android.intent.action.MAIN" />
30-->src/main/AndroidManifest.xml:24:17-69
30-->src/main/AndroidManifest.xml:24:25-66
31
32                <category android:name="android.intent.category.LAUNCHER" />
32-->src/main/AndroidManifest.xml:25:17-77
32-->src/main/AndroidManifest.xml:25:27-74
33            </intent-filter>
34            <intent-filter>
34-->src/main/AndroidManifest.xml:27:13-43:29
35                <action android:name="android.nfc.action.NDEF_DISCOVERED" />
35-->src/main/AndroidManifest.xml:28:17-77
35-->src/main/AndroidManifest.xml:28:25-74
36
37                <category android:name="android.intent.category.DEFAULT" />
37-->src/main/AndroidManifest.xml:29:17-76
37-->src/main/AndroidManifest.xml:29:27-73
38
39                <data
39-->src/main/AndroidManifest.xml:31:17-33:45
40                    android:host="www.tangem.com"
40-->src/main/AndroidManifest.xml:32:21-50
41                    android:scheme="http" />
41-->src/main/AndroidManifest.xml:33:21-42
42                <data
42-->src/main/AndroidManifest.xml:31:17-33:45
43                    android:host="www.tangem.com"
43-->src/main/AndroidManifest.xml:32:21-50
44                    android:scheme="https" />
44-->src/main/AndroidManifest.xml:33:21-42
45                <data
45-->src/main/AndroidManifest.xml:31:17-33:45
46                    android:host="tangem.com"
46-->src/main/AndroidManifest.xml:32:21-50
47                    android:scheme="http" />
47-->src/main/AndroidManifest.xml:33:21-42
48                <data
48-->src/main/AndroidManifest.xml:31:17-33:45
49                    android:host="tangem.com"
49-->src/main/AndroidManifest.xml:32:21-50
50                    android:scheme="https" />
50-->src/main/AndroidManifest.xml:33:21-42
51            </intent-filter>
52            <intent-filter>
52-->src/main/AndroidManifest.xml:44:13-46:29
53                <action android:name="android.nfc.action.TECH_DISCOVERED" />
53-->src/main/AndroidManifest.xml:45:17-77
53-->src/main/AndroidManifest.xml:45:25-74
54            </intent-filter>
55
56            <meta-data
56-->src/main/AndroidManifest.xml:48:13-50:59
57                android:name="android.nfc.action.TECH_DISCOVERED"
57-->src/main/AndroidManifest.xml:49:17-66
58                android:resource="@xml/nfc_tech_filter" />
58-->src/main/AndroidManifest.xml:50:17-56
59        </activity>
60        <activity android:name="com.tangem.devkit.TestUserDataActivity" >
60-->src/main/AndroidManifest.xml:53:7-77:18
60-->src/main/AndroidManifest.xml:53:17-70
61            <intent-filter>
61-->src/main/AndroidManifest.xml:27:13-43:29
62                <action android:name="android.nfc.action.NDEF_DISCOVERED" />
62-->src/main/AndroidManifest.xml:28:17-77
62-->src/main/AndroidManifest.xml:28:25-74
63
64                <category android:name="android.intent.category.DEFAULT" />
64-->src/main/AndroidManifest.xml:29:17-76
64-->src/main/AndroidManifest.xml:29:27-73
65
66                <data
66-->src/main/AndroidManifest.xml:31:17-33:45
67                    android:host="www.tangem.com"
67-->src/main/AndroidManifest.xml:32:21-50
68                    android:scheme="http" />
68-->src/main/AndroidManifest.xml:33:21-42
69                <data
69-->src/main/AndroidManifest.xml:31:17-33:45
70                    android:host="www.tangem.com"
70-->src/main/AndroidManifest.xml:32:21-50
71                    android:scheme="https" />
71-->src/main/AndroidManifest.xml:33:21-42
72                <data
72-->src/main/AndroidManifest.xml:31:17-33:45
73                    android:host="tangem.com"
73-->src/main/AndroidManifest.xml:32:21-50
74                    android:scheme="http" />
74-->src/main/AndroidManifest.xml:33:21-42
75                <data
75-->src/main/AndroidManifest.xml:31:17-33:45
76                    android:host="tangem.com"
76-->src/main/AndroidManifest.xml:32:21-50
77                    android:scheme="https" />
77-->src/main/AndroidManifest.xml:33:21-42
78            </intent-filter>
79            <intent-filter>
79-->src/main/AndroidManifest.xml:44:13-46:29
80                <action android:name="android.nfc.action.TECH_DISCOVERED" />
80-->src/main/AndroidManifest.xml:45:17-77
80-->src/main/AndroidManifest.xml:45:25-74
81            </intent-filter>
82
83            <meta-data
83-->src/main/AndroidManifest.xml:48:13-50:59
84                android:name="android.nfc.action.TECH_DISCOVERED"
84-->src/main/AndroidManifest.xml:49:17-66
85                android:resource="@xml/nfc_tech_filter" />
85-->src/main/AndroidManifest.xml:50:17-56
86        </activity>
87
88        <provider
88-->[androidx.lifecycle:lifecycle-process:2.2.0] AndroidManifest.xml:25:9-29:43
89            android:name="androidx.lifecycle.ProcessLifecycleOwnerInitializer"
89-->[androidx.lifecycle:lifecycle-process:2.2.0] AndroidManifest.xml:26:13-79
90            android:authorities="com.tangem.devkit.lifecycle-process"
90-->[androidx.lifecycle:lifecycle-process:2.2.0] AndroidManifest.xml:27:13-69
91            android:exported="false"
91-->[androidx.lifecycle:lifecycle-process:2.2.0] AndroidManifest.xml:28:13-37
92            android:multiprocess="true" />
92-->[androidx.lifecycle:lifecycle-process:2.2.0] AndroidManifest.xml:29:13-40
93    </application>
94
95</manifest>